Error:Undefined variable $phone
Path:E:\programs\wamp\www\Classic-phones\phone.php
Line:29
datetime:2023-11-17 11:08:50

Error:Undefined variable $id
Path:E:\programs\wamp\www\Classic-phones\index.php
Line:58
datetime:2023-11-17 11:20:57

Error:Undefined variable $id
Path:E:\programs\wamp\www\Classic-phones\index.php
Line:58
datetime:2023-11-17 11:21:27

Error:Undefined variable $id
Path:E:\programs\wamp\www\Classic-phones\index.php
Line:58
datetime:2023-11-17 11:21:45

Error:Undefined variable $id
Path:E:\programs\wamp\www\Classic-phones\index.php
Line:58
datetime:2023-11-17 11:21:51

Error:SQLSTATE[42S22]: Column not found: 1054 Unknown column 'rating' in 'field list'
Path:E:\programs\wamp\www\Classic-phones\phone.php
Line:21
datetime:2023-11-17 13:10:51

Error:SQLSTATE[42S22]: Column not found: 1054 Unknown column 'rating' in 'field list'
Path:E:\programs\wamp\www\Classic-phones\phone.php
Line:21
datetime:2023-11-17 13:10:55

Error:SQLSTATE[42S22]: Column not found: 1054 Unknown column 'rating' in 'field list'
Path:E:\programs\wamp\www\Classic-phones\phone.php
Line:21
datetime:2023-11-17 13:10:56

Error:SQLSTATE[42S22]: Column not found: 1054 Unknown column 'rating' in 'field list'
Path:E:\programs\wamp\www\Classic-phones\phone.php
Line:21
datetime:2023-11-17 13:11:10

Error:SQLSTATE[42S22]: Column not found: 1054 Unknown column 'rating' in 'field list'
Path:E:\programs\wamp\www\Classic-phones\phone.php
Line:21
datetime:2023-11-17 13:11:12

Error:SQLSTATE[42S22]: Column not found: 1054 Unknown column 'rating' in 'field list'
Path:E:\programs\wamp\www\Classic-phones\phone.php
Line:21
datetime:2023-11-17 13:13:30

Error:SQLSTATE[42S22]: Column not found: 1054 Unknown column 'rating' in 'field list'
Path:E:\programs\wamp\www\Classic-phones\phone.php
Line:21
datetime:2023-11-17 13:14:16

Error:SQLSTATE[42S22]: Column not found: 1054 Unknown column 'rating' in 'field list'
Path:E:\programs\wamp\www\Classic-phones\phone.php
Line:21
datetime:2023-11-17 13:14:17

Error:SQLSTATE[42S22]: Column not found: 1054 Unknown column 'rating' in 'field list'
Path:E:\programs\wamp\www\Classic-phones\phone.php
Line:21
datetime:2023-11-17 13:14:18

Error:SQLSTATE[42S22]: Column not found: 1054 Unknown column 'rating' in 'field list'
Path:E:\programs\wamp\www\Classic-phones\phone.php
Line:21
datetime:2023-11-17 13:14:43

Error:SQLSTATE[42S22]: Column not found: 1054 Unknown column 'rating' in 'field list'
Path:E:\programs\wamp\www\Classic-phones\phone.php
Line:21
datetime:2023-11-17 13:15:35

Error:Undefined array key "rating"
Path:E:\programs\wamp\www\Classic-phones\phone.php
Line:101
datetime:2023-11-17 13:16:10

Error:Undefined array key "rating"
Path:E:\programs\wamp\www\Classic-phones\phone.php
Line:100
datetime:2023-11-17 13:16:40

Error:SQLSTATE[42S22]: Column not found: 1054 Unknown column 'phone_id' in 'field list'
Path:E:\programs\wamp\www\Classic-phones\process_buy.php
Line:20
datetime:2023-11-17 14:54:12

Error:SQLSTATE[42S22]: Column not found: 1054 Unknown column 'phone_id' in 'field list'
Path:E:\programs\wamp\www\Classic-phones\process_buy.php
Line:21
datetime:2023-11-17 14:55:51

Error:SQLSTATE[42S22]: Column not found: 1054 Unknown column 'phone_id' in 'field list'
Path:E:\programs\wamp\www\Classic-phones\process_buy.php
Line:21
datetime:2023-11-17 14:56:09

